2025-07-24 16:03:07,236 - INFO - 
============================================================
2025-07-24 16:03:07,239 - INFO - ============================================================
2025-07-24 16:03:07,240 - INFO -    Total: 101
2025-07-24 16:03:07,241 - INFO -    Migrados: 101
2025-07-24 16:03:07,241 - INFO -    Erros: 0
2025-07-24 16:03:07,241 - INFO -    Taxa de sucesso: 100.0%
2025-07-24 16:03:07,241 - INFO - 
2025-07-24 16:03:07,242 - INFO -    Total: 11
2025-07-24 16:03:07,242 - INFO -    Migrados: 11
2025-07-24 16:03:07,243 - INFO -    Erros: 0
2025-07-24 16:03:07,243 - INFO -    Taxa de sucesso: 100.0%
2025-07-24 16:03:07,244 - INFO - 
2025-07-24 16:03:07,245 - INFO -    Total: 0
2025-07-24 16:03:07,245 - INFO -    Migrados: 0
2025-07-24 16:03:07,245 - INFO -    Erros: 0
2025-07-24 16:03:07,245 - INFO -    Taxa de sucesso: 0.0%
2025-07-24 16:03:07,246 - INFO - 
2025-07-24 16:03:07,247 - INFO -    Total: 7831
2025-07-24 16:03:07,247 - INFO -    Migrados: 7831
2025-07-24 16:03:07,247 - INFO -    Erros: 0
2025-07-24 16:03:07,247 - INFO -    Taxa de sucesso: 100.0%
2025-07-24 16:03:07,247 - INFO - 
2025-07-24 16:03:07,248 - INFO -    Total: 0
2025-07-24 16:03:07,248 - INFO -    Migrados: 0
2025-07-24 16:03:07,248 - INFO -    Erros: 0
2025-07-24 16:03:07,248 - INFO -    Taxa de sucesso: 0.0%
2025-07-24 16:03:07,248 - INFO - 
2025-07-24 16:03:07,249 - INFO -    Total de registros: 7943
2025-07-24 16:03:07,249 - INFO -    Migrados com sucesso: 7943
2025-07-24 16:03:07,250 - INFO -    Erros: 0
2025-07-24 16:03:07,250 - INFO -    Taxa de sucesso geral: 100.0%
2025-07-24 16:03:07,250 - INFO - ============================================================
